2025-11-07T18:02:01+00:00 DEBUG Tt4b_Pixel_Class::inject_view_content_event: hit ViewContent
2025-11-07T18:02:01+00:00 DEBUG Tt4b_Pixel_Class::inject_view_content_event: Missing option "access_token"
2025-11-07T18:35:14+00:00 DEBUG Tt4b_Pixel_Class::inject_view_content_event: hit ViewContent
2025-11-07T18:35:14+00:00 DEBUG Tt4b_Pixel_Class::inject_view_content_event: Missing option "access_token"
2025-11-07T20:14:07+00:00 DEBUG tt4b_product_delete: missing access token for tt4b_product_sync
2025-11-07T20:14:29+00:00 DEBUG tt4b_product_delete: missing access token for tt4b_product_sync
2025-11-07T20:14:40+00:00 DEBUG tt4b_product_delete: missing access token for tt4b_product_sync
2025-11-07T20:15:00+00:00 DEBUG tt4b_product_delete: missing access token for tt4b_product_sync
2025-11-07T20:15:10+00:00 DEBUG tt4b_product_delete: missing access token for tt4b_product_sync
2025-11-07T20:15:28+00:00 DEBUG tt4b_product_delete: missing access token for tt4b_product_sync
2025-11-07T20:23:35+00:00 DEBUG Tt4b_Pixel_Class::inject_view_content_event: hit ViewContent
2025-11-07T20:23:35+00:00 DEBUG Tt4b_Pixel_Class::inject_view_content_event: Missing option "access_token"
2025-11-07T20:24:49+00:00 DEBUG Tt4b_Pixel_Class::inject_add_to_cart_event: hit AddToCart
2025-11-07T20:24:49+00:00 DEBUG Tt4b_Pixel_Class::inject_add_to_cart_event: Missing option "access_token"
2025-11-07T20:24:49+00:00 DEBUG Tt4b_Pixel_Class::inject_view_content_event: hit ViewContent
2025-11-07T20:24:49+00:00 DEBUG Tt4b_Pixel_Class::inject_view_content_event: Missing option "access_token"
2025-11-07T20:25:01+00:00 DEBUG Tt4b_Pixel_Class::inject_initiate_checkout_event: hit InitiateCheckout
2025-11-07T20:25:01+00:00 DEBUG Tt4b_Pixel_Class::inject_initiate_checkout_event: Missing option "access_token"
2025-11-07T20:25:26+00:00 DEBUG Tt4b_Pixel_Class::inject_view_content_event: hit ViewContent
2025-11-07T20:25:26+00:00 DEBUG Tt4b_Pixel_Class::inject_view_content_event: Missing option "access_token"
